<?xml version="1.0" encoding="UTF-8"?>
<!-- Generated by org.testng.reporters.JUnitXMLReporter -->
<testsuite ignored="0" hostname="DESKTOP-H2BO24O" failures="0" tests="3" name="Default test" time="66.552" errors="0" timestamp="21 Oct 2022 01:54:08 GMT">
  <testcase classname="com.Automation.testcases.SendMessage" name="SendMessage" time="39.338"/>
  <testcase classname="com.Automation.testcases.SendMessage" name="checkSavedMessage" time="5.883"/>
  <testcase classname="com.Automation.testcases.SendMessage" name="searchMessageInSlack" time="20.212"/>
</testsuite> <!-- Default test -->
