<?xml version="1.0" encoding="UTF-8"?>
<testng-results ignored="0" total="3" passed="3" failed="0" skipped="0">
  <reporter-output>
  </reporter-output>
  <suite started-at="2022-10-21T08:41:07Z" name="Default suite" finished-at="2022-10-21T08:41:44Z" duration-ms="37219">
    <groups>
    </groups>
    <test started-at="2022-10-21T08:41:07Z" name="Default test" finished-at="2022-10-21T08:41:44Z" duration-ms="37219">
      <class name="com.Automation.testcases.SendMessage">
        <test-method is-config="true" signature="setUp()[pri:0, instance:com.Automation.testcases.SendMessage@31ea9581]" started-at="2022-10-21T08:40:46Z" name="setUp" finished-at="2022-10-21T08:41:07Z" duration-ms="21282" status="PASS">
          <reporter-output>
          </reporter-output>
        </test-method> <!-- setUp -->
        <test-method signature="SendMessage()[pri:-1, instance:com.Automation.testcases.SendMessage@31ea9581]" started-at="2022-10-21T08:41:07Z" name="SendMessage" finished-at="2022-10-21T08:41:25Z" duration-ms="17466" status="PASS">
          <reporter-output>
          </reporter-output>
        </test-method> <!-- SendMessage -->
        <test-method signature="checkSavedMessage()[pri:0, instance:com.Automation.testcases.SendMessage@31ea9581]" started-at="2022-10-21T08:41:25Z" name="checkSavedMessage" finished-at="2022-10-21T08:41:25Z" duration-ms="599" status="PASS">
          <reporter-output>
          </reporter-output>
        </test-method> <!-- checkSavedMessage -->
        <test-method signature="searchMessageInSlack()[pri:1, instance:com.Automation.testcases.SendMessage@31ea9581]" started-at="2022-10-21T08:41:25Z" name="searchMessageInSlack" finished-at="2022-10-21T08:41:43Z" duration-ms="17717" status="PASS">
          <reporter-output>
          </reporter-output>
        </test-method> <!-- searchMessageInSlack -->
        <test-method is-config="true" signature="tearDown()[pri:0, instance:com.Automation.testcases.SendMessage@31ea9581]" started-at="2022-10-21T08:41:43Z" name="tearDown" finished-at="2022-10-21T08:41:44Z" duration-ms="1348" status="PASS">
          <reporter-output>
          </reporter-output>
        </test-method> <!-- tearDown -->
      </class> <!-- com.Automation.testcases.SendMessage -->
    </test> <!-- Default test -->
  </suite> <!-- Default suite -->
</testng-results>
