<?xml version="1.0" encoding="UTF-8"?>
<testng-results ignored="0" total="3" passed="3" failed="0" skipped="0">
  <reporter-output>
  </reporter-output>
  <suite started-at="2022-10-21T21:53:56Z" name="Default suite" finished-at="2022-10-21T21:54:47Z" duration-ms="50945">
    <groups>
    </groups>
    <test started-at="2022-10-21T21:53:56Z" name="Default test" finished-at="2022-10-21T21:54:47Z" duration-ms="50945">
      <class name="com.Automation.testcases.SendMessage">
        <test-method is-config="true" signature="setUp()[pri:0, instance:com.Automation.testcases.SendMessage@273444fe]" started-at="2022-10-21T21:53:37Z" name="setUp" finished-at="2022-10-21T21:53:56Z" duration-ms="19515" status="PASS">
          <reporter-output>
          </reporter-output>
        </test-method> <!-- setUp -->
        <test-method signature="SendMessage()[pri:-1, instance:com.Automation.testcases.SendMessage@273444fe]" started-at="2022-10-21T21:53:56Z" name="SendMessage" finished-at="2022-10-21T21:54:12Z" duration-ms="15600" status="PASS">
          <reporter-output>
          </reporter-output>
        </test-method> <!-- SendMessage -->
        <test-method signature="checkSavedMessage()[pri:0, instance:com.Automation.testcases.SendMessage@273444fe]" started-at="2022-10-21T21:54:12Z" name="checkSavedMessage" finished-at="2022-10-21T21:54:13Z" duration-ms="1620" status="PASS">
          <reporter-output>
          </reporter-output>
        </test-method> <!-- checkSavedMessage -->
        <test-method signature="searchMessageInSlack()[pri:1, instance:com.Automation.testcases.SendMessage@273444fe]" started-at="2022-10-21T21:54:13Z" name="searchMessageInSlack" finished-at="2022-10-21T21:54:46Z" duration-ms="32312" status="PASS">
          <reporter-output>
          </reporter-output>
        </test-method> <!-- searchMessageInSlack -->
        <test-method is-config="true" signature="tearDown()[pri:0, instance:com.Automation.testcases.SendMessage@273444fe]" started-at="2022-10-21T21:54:46Z" name="tearDown" finished-at="2022-10-21T21:54:47Z" duration-ms="1319" status="PASS">
          <reporter-output>
          </reporter-output>
        </test-method> <!-- tearDown -->
      </class> <!-- com.Automation.testcases.SendMessage -->
    </test> <!-- Default test -->
  </suite> <!-- Default suite -->
</testng-results>
